Arguments: 
  /usr/bin/node /usr/share/yarn/bin/yarn.js start

PATH: 
  /home/eksa/bin:/home/eksa/.local/bin:/usr/local/sbin:/usr/local/bin:/usr/sbin:/usr/bin:/sbin:/bin:/usr/games:/usr/local/games:/usr/lib/jvm/java-8-oracle/bin:/usr/lib/jvm/java-8-oracle/db/bin:/usr/lib/jvm/java-8-oracle/jre/bin:/opt/node/bin:/opt/android-sdk/tools:/opt/android-sdk/platform-tools:/usr/lib/jvm/java-8-oracle/bin:/usr/lib/jvm/java-8-oracle/db/bin:/usr/lib/jvm/java-8-oracle/jre/bin

Yarn version: 
  1.5.1

Node version: 
  8.11.1

Platform: 
  linux x64

npm manifest: 
  {
    "name": "password-management",
    "version": "1.0.0",
    "description": "A simple project password management",
    "author": "eksa <eksant@gmail.com>",
    "homepage": "http://www.seorangeksa.com",
    "copyright": "Copyright 2018 creativeLabs eksa <eksant@gmail.com>",
    "license": "MIT",
    "private": true,
    "devDependencies": {
      "babel-core": "6.26.0",
      "babel-loader": "7.1.2",
      "babel-plugin-transform-object-rest-spread": "6.26.0",
      "babel-preset-env": "1.6.1",
      "babel-preset-react": "6.24.1",
      "copy-webpack-plugin": "4.3.1",
      "css-hot-loader": "1.3.6",
      "css-loader": "0.28.9",
      "extract-text-webpack-plugin": "3.0.2",
      "file-loader": "1.1.6",
      "html-loader": "0.5.5",
      "html-webpack-plugin": "2.30.1",
      "node-sass": "4.7.2",
      "rimraf": "2.6.2",
      "sass-loader": "6.0.6",
      "source-list-map": "2.0.0",
      "style-loader": "0.20.1",
      "uglify-js": "3.3.9",
      "url-loader": "0.6.2",
      "webpack": "3.10.0",
      "webpack-dev-server": "2.11.1"
    },
    "dependencies": {
      "bootstrap": "4.0.0",
      "chart.js": "2.7.1",
      "firebase": "^4.12.1",
      "flag-icon-css": "2.9.0",
      "font-awesome": "4.7.0",
      "history": "4.7.2",
      "react": "^16.3.1",
      "react-chartjs-2": "2.7.0",
      "react-dom": "^16.3.1",
      "react-router-dom": "^4.2.2",
      "react-transition-group": "2.2.1",
      "reactstrap": "^5.0.0-beta.3",
      "redux": "^3.7.2",
      "redux-thunk": "^2.2.0",
      "simple-line-icons": "2.4.1"
    },
    "scripts": {
      "dev": "webpack -d --progress --watch --profile --json > compilation-stats.json --env.dev",
      "start": "webpack-dev-server --progress --color --inline --env.dev",
      "build": "webpack -p --progress --env.prod",
      "clean": "rimraf ./build"
    },
    "engines": {
      "node": ">= 8.9.4",
      "npm": ">= 5.6.0"
    }
  }

yarn manifest: 
  No manifest

Lockfile: 
  No lockfile

Trace: 
  Error: Command failed.
  Exit code: 127
  Command: sh
  Arguments: -c webpack-dev-server --progress --color --inline --env.dev
  Directory: /home/eksa/hacktiv8/phase-3/react-password-manager
  Output:
  
      at ProcessTermError.MessageError (/usr/share/yarn/lib/cli.js:186:110)
      at new ProcessTermError (/usr/share/yarn/lib/cli.js:226:113)
      at ChildProcess.<anonymous> (/usr/share/yarn/lib/cli.js:30281:17)
      at emitTwo (events.js:126:13)
      at ChildProcess.emit (events.js:214:7)
      at maybeClose (internal/child_process.js:925:16)
      at Process.ChildProcess._handle.onexit (internal/child_process.js:209:5)
